#
# There is insufficient memory for the Java Runtime Environment to continue.
# Native memory allocation (malloc) failed to allocate 792656 bytes for Chunk::new
# Possible reasons:
#   The system is out of physical RAM or swap space
#   In 32 bit mode, the process size limit was hit
# Possible solutions:
#   Reduce memory load on the system
#   Increase physical memory or swap space
#   Check if swap backing store is full
#   Use 64 bit Java on a 64 bit OS
#   Decrease Java heap size (-Xmx/-Xms)
#   Decrease number of Java threads
#   Decrease Java thread stack sizes (-Xss)
#   Set larger code cache with -XX:ReservedCodeCacheSize=
# This output file may be truncated or incomplete.
#
#  Out of Memory Error (allocation.cpp:323), pid=9592, tid=6820
#
# JRE version: Java(TM) SE Runtime Environment (7.0_79-b15) (build 1.7.0_79-b15)
# Java VM: Java HotSpot(TM) 64-Bit Server VM (24.79-b02 mixed mode windows-amd64 compressed oops)
# Failed to write core dump. Minidumps are not enabled by default on client versions of Windows
#

---------------  T H R E A D  ---------------

Current thread (0x000000000870c800):  JavaThread "C2 CompilerThread0" daemon [_thread_in_native, id=6820, stack(0x0000000009e40000,0x0000000009f40000)]

Stack: [0x0000000009e40000,0x0000000009f40000]
[error occurred during error reporting (printing stack bounds), id 0xc0000005]


[error occurred during error reporting (printing native stack), id 0xc0000005]


Current CompileTask:
C2:  42891  530   !         com.android.dx.cf.code.BytecodeArray::parseInstruction (2764 bytes)


---------------  P R O C E S S  ---------------

Java Threads: ( => current thread )
  0x000000000a4cc800 JavaThread "pool-1-thread-4" [_thread_blocked, id=8448, stack(0x000000000b750000,0x000000000b850000)]
  0x000000000a4ca800 JavaThread "pool-1-thread-3" [_thread_blocked, id=7824, stack(0x000000000b640000,0x000000000b740000)]
  0x000000000a3ef800 JavaThread "pool-1-thread-2" [_thread_in_Java, id=10084, stack(0x000000000b2c0000,0x000000000b3c0000)]
  0x000000000a2af000 JavaThread "pool-2-thread-1" [_thread_blocked, id=10228, stack(0x000000000b400000,0x000000000b500000)]
  0x000000000a2fe000 JavaThread "pool-1-thread-1" [_thread_blocked, id=8144, stack(0x000000000b180000,0x000000000b280000)]
  0x0000000008710000 JavaThread "Service Thread" daemon [_thread_blocked, id=9248, stack(0x000000000a180000,0x000000000a280000)]
  0x000000000870e000 JavaThread "C2 CompilerThread1" daemon [_thread_blocked, id=9200, stack(0x000000000a040000,0x000000000a140000)]
=>0x000000000870c800 JavaThread "C2 CompilerThread0" daemon [_thread_in_native, id=6820, stack(0x0000000009e40000,0x0000000009f40000)]
  0x0000000008707800 JavaThread "Attach Listener" daemon [_thread_blocked, id=6468, stack(0x0000000009960000,0x0000000009a60000)]
  0x0000000008700800 JavaThread "Signal Dispatcher" daemon [_thread_blocked, id=5116, stack(0x0000000009bc0000,0x0000000009cc0000)]
  0x00000000086a8800 JavaThread "Finalizer" daemon [_thread_blocked, id=1544, stack(0x0000000009ac0000,0x0000000009bc0000)]
  0x00000000086a1000 JavaThread "Reference Handler" daemon [_thread_blocked, id=3684, stack(0x0000000009800000,0x0000000009900000)]
  0x00000000022be800 JavaThread "main" [_thread_in_native, id=7676, stack(0x0000000002310000,0x0000000002410000)]

Other Threads:
  0x000000000869b800 VMThread [stack: 0x0000000009700000,0x0000000009800000] [id=7740]
  0x0000000008719800 WatcherThread [stack: 0x0000000009d00000,0x0000000009e00000] [id=4412]

VM state:not at safepoint (normal execution)

VM Mutex/Monitor currently owned by a thread: None

Heap
 PSYoungGen      total 41984K, used 32151K [0x00000000eaa80000, 0x00000000efc80000, 0x0000000100000000)
  eden space 33792K, 71% used [0x00000000eaa80000,0x00000000ec212938,0x00000000ecb80000)
  from space 8192K, 97% used [0x00000000ef480000,0x00000000efc532d8,0x00000000efc80000)
  to   space 2560K, 0% used [0x00000000ecb80000,0x00000000ecb80000,0x00000000ece00000)
 ParOldGen       total 43008K, used 13450K [0x00000000c0000000, 0x00000000c2a00000, 0x00000000eaa80000)
  object space 43008K, 31% used [0x00000000c0000000,0x00000000c0d22858,0x00000000c2a00000)
 PSPermGen       total 21504K, used 5984K [0x00000000bae00000, 0x00000000bc300000, 0x00000000c0000000)
  object space 21504K, 27% used [0x00000000bae00000,0x00000000bb3d8358,0x00000000bc300000)

Card table byte_map: [0x0000000005580000,0x00000000057b0000] byte_map_base: 0x0000000004fa9000

Polling page: 0x0000000000240000

Code Cache  [0x00000000024c0000, 0x0000000002730000, 0x00000000054c0000)
 total_blobs=783 nmethods=546 adapters=189 free_code_cache=47058Kb largest_free_block=48140608

Compilation events (10 events):
Event: 35.914 Thread 0x000000000870e000 nmethod 533 0x00000000025f6f50 code [0x00000000025f70c0, 0x00000000025f72d8]
Event: 35.914 Thread 0x000000000870e000  534             java.util.ArrayList::<init> (44 bytes)
Event: 35.918 Thread 0x000000000870e000 nmethod 534 0x00000000025f6b50 code [0x00000000025f6ca0, 0x00000000025f6db8]
Event: 35.918 Thread 0x000000000870e000  535             com.android.dx.rop.cst.CstLiteral32::getIntBits (5 bytes)
Event: 35.919 Thread 0x000000000870e000 nmethod 535 0x00000000026bc3d0 code [0x00000000026bc500, 0x00000000026bc558]
Event: 35.919 Thread 0x000000000870e000  536             com.android.dx.cf.code.BaseMachine::auxIntArg (6 bytes)
Event: 35.919 Thread 0x000000000870e000 nmethod 536 0x00000000026bc1d0 code [0x00000000026bc300, 0x00000000026bc358]
Event: 35.919 Thread 0x000000000870e000  537             com.android.dx.rop.cst.CstInteger::getValue (5 bytes)
Event: 35.919 Thread 0x000000000870e000 nmethod 537 0x00000000026bbfd0 code [0x00000000026bc100, 0x00000000026bc158]
Event: 36.171 Thread 0x000000000870e000  538             com.android.dx.util.LabeledList::set (45 bytes)

GC Heap History (10 events):
Event: 24.172 GC heap before
{Heap before GC invocations=1 (full 0):
 PSYoungGen      total 19456K, used 16896K [0x00000000eaa80000, 0x00000000ec000000, 0x0000000100000000)
  eden space 16896K, 100% used [0x00000000eaa80000,0x00000000ebb00000,0x00000000ebb00000)
  from space 2560K, 0% used [0x00000000ebd80000,0x00000000ebd80000,0x00000000ec000000)
  to   space 2560K, 0% used [0x00000000ebb00000,0x00000000ebb00000,0x00000000ebd80000)
 ParOldGen       total 43008K, used 0K [0x00000000c0000000, 0x00000000c2a00000, 0x00000000eaa80000)
  object space 43008K, 0% used [0x00000000c0000000,0x00000000c0000000,0x00000000c2a00000)
 PSPermGen       total 21504K, used 5584K [0x00000000bae00000, 0x00000000bc300000, 0x00000000c0000000)
  object space 21504K, 25% used [0x00000000bae00000,0x00000000bb3742f0,0x00000000bc300000)
Event: 24.334 GC heap after
Heap after GC invocations=1 (full 0):
 PSYoungGen      total 19456K, used 2536K [0x00000000eaa80000, 0x00000000ec000000, 0x0000000100000000)
  eden space 16896K, 0% used [0x00000000eaa80000,0x00000000eaa80000,0x00000000ebb00000)
  from space 2560K, 99% used [0x00000000ebb00000,0x00000000ebd7a0c8,0x00000000ebd80000)
  to   space 2560K, 0% used [0x00000000ebd80000,0x00000000ebd80000,0x00000000ec000000)
 ParOldGen       total 43008K, used 780K [0x00000000c0000000, 0x00000000c2a00000, 0x00000000eaa80000)
  object space 43008K, 1% used [0x00000000c0000000,0x00000000c00c30f0,0x00000000c2a00000)
 PSPermGen       total 21504K, used 5584K [0x00000000bae00000, 0x00000000bc300000, 0x00000000c0000000)
  object space 21504K, 25% used [0x00000000bae00000,0x00000000bb3742f0,0x00000000bc300000)
}
Event: 26.887 GC heap before
{Heap before GC invocations=2 (full 0):
 PSYoungGen      total 19456K, used 19432K [0x00000000eaa80000, 0x00000000ec000000, 0x0000000100000000)
  eden space 16896K, 100% used [0x00000000eaa80000,0x00000000ebb00000,0x00000000ebb00000)
  from space 2560K, 99% used [0x00000000ebb00000,0x00000000ebd7a0c8,0x00000000ebd80000)
  to   space 2560K, 0% used [0x00000000ebd80000,0x00000000ebd80000,0x00000000ec000000)
 ParOldGen       total 43008K, used 780K [0x00000000c0000000, 0x00000000c2a00000, 0x00000000eaa80000)
  object space 43008K, 1% used [0x00000000c0000000,0x00000000c00c30f0,0x00000000c2a00000)
 PSPermGen       total 21504K, used 5850K [0x00000000bae00000, 0x00000000bc300000, 0x00000000c0000000)
  object space 21504K, 27% used [0x00000000bae00000,0x00000000bb3b6b88,0x00000000bc300000)
Event: 26.911 GC heap after
Heap after GC invocations=2 (full 0):
 PSYoungGen      total 19456K, used 2535K [0x00000000eaa80000, 0x00000000ec000000, 0x0000000100000000)
  eden space 16896K, 0% used [0x00000000eaa80000,0x00000000eaa80000,0x00000000ebb00000)
  from space 2560K, 99% used [0x00000000ebd80000,0x00000000ebff9c78,0x00000000ec000000)
  to   space 2560K, 0% used [0x00000000ebb00000,0x00000000ebb00000,0x00000000ebd80000)
 ParOldGen       total 43008K, used 2523K [0x00000000c0000000, 0x00000000c2a00000, 0x00000000eaa80000)
  object space 43008K, 5% used [0x00000000c0000000,0x00000000c0276f28,0x00000000c2a00000)
 PSPermGen       total 21504K, used 5850K [0x00000000bae00000, 0x00000000bc300000, 0x00000000c0000000)
  object space 21504K, 27% used [0x00000000bae00000,0x00000000bb3b6b88,0x00000000bc300000)
}
Event: 28.748 GC heap before
{Heap before GC invocations=3 (full 0):
 PSYoungGen      total 19456K, used 19431K [0x00000000eaa80000, 0x00000000ec000000, 0x0000000100000000)
  eden space 16896K, 100% used [0x00000000eaa80000,0x00000000ebb00000,0x00000000ebb00000)
  from space 2560K, 99% used [0x00000000ebd80000,0x00000000ebff9c78,0x00000000ec000000)
  to   space 2560K, 0% used [0x00000000ebb00000,0x00000000ebb00000,0x00000000ebd80000)
 ParOldGen       total 43008K, used 2523K [0x00000000c0000000, 0x00000000c2a00000, 0x00000000eaa80000)
  object space 43008K, 5% used [0x00000000c0000000,0x00000000c0276f28,0x00000000c2a00000)
 PSPermGen       total 21504K, used 5888K [0x00000000bae00000, 0x00000000bc300000, 0x00000000c0000000)
  object space 21504K, 27% used [0x00000000bae00000,0x00000000bb3c0380,0x00000000bc300000)
Event: 29.375 GC heap after
Heap after GC invocations=3 (full 0):
 PSYoungGen      total 19456K, used 2528K [0x00000000eaa80000, 0x00000000ed080000, 0x0000000100000000)
  eden space 16896K, 0% used [0x00000000eaa80000,0x00000000eaa80000,0x00000000ebb00000)
  from space 2560K, 98% used [0x00000000ebb00000,0x00000000ebd78018,0x00000000ebd80000)
  to   space 2560K, 0% used [0x00000000ece00000,0x00000000ece00000,0x00000000ed080000)
 ParOldGen       total 43008K, used 5649K [0x00000000c0000000, 0x00000000c2a00000, 0x00000000eaa80000)
  object space 43008K, 13% used [0x00000000c0000000,0x00000000c05844b0,0x00000000c2a00000)
 PSPermGen       total 21504K, used 5888K [0x00000000bae00000, 0x00000000bc300000, 0x00000000c0000000)
  object space 21504K, 27% used [0x00000000bae00000,0x00000000bb3c0380,0x00000000bc300000)
}
Event: 29.631 GC heap before
{Heap before GC invocations=4 (full 0):
 PSYoungGen      total 19456K, used 19424K [0x00000000eaa80000, 0x00000000ed080000, 0x0000000100000000)
  eden space 16896K, 100% used [0x00000000eaa80000,0x00000000ebb00000,0x00000000ebb00000)
  from space 2560K, 98% used [0x00000000ebb00000,0x00000000ebd78018,0x00000000ebd80000)
  to   space 2560K, 0% used [0x00000000ece00000,0x00000000ece00000,0x00000000ed080000)
 ParOldGen       total 43008K, used 5649K [0x00000000c0000000, 0x00000000c2a00000, 0x00000000eaa80000)
  object space 43008K, 13% used [0x00000000c0000000,0x00000000c05844b0,0x00000000c2a00000)
 PSPermGen       total 21504K, used 5919K [0x00000000bae00000, 0x00000000bc300000, 0x00000000c0000000)
  object space 21504K, 27% used [0x00000000bae00000,0x00000000bb3c7c28,0x00000000bc300000)
Event: 29.673 GC heap after
Heap after GC invocations=4 (full 0):
 PSYoungGen      total 36352K, used 2546K [0x00000000eaa80000, 0x00000000ed080000, 0x0000000100000000)
  eden space 33792K, 0% used [0x00000000eaa80000,0x00000000eaa80000,0x00000000ecb80000)
  from space 2560K, 99% used [0x00000000ece00000,0x00000000ed07c950,0x00000000ed080000)
  to   space 2560K, 0% used [0x00000000ecb80000,0x00000000ecb80000,0x00000000ece00000)
 ParOldGen       total 43008K, used 8113K [0x00000000c0000000, 0x00000000c2a00000, 0x00000000eaa80000)
  object space 43008K, 18% used [0x00000000c0000000,0x00000000c07ec4c8,0x00000000c2a00000)
 PSPermGen       total 21504K, used 5919K [0x00000000bae00000, 0x00000000bc300000, 0x00000000c0000000)
  object space 21504K, 27% used [0x00000000bae00000,0x00000000bb3c7c28,0x00000000bc300000)
}
Event: 32.623 GC heap before
{Heap before GC invocations=5 (full 0):
 PSYoungGen      total 36352K, used 36338K [0x00000000eaa80000, 0x00000000ed080000, 0x0000000100000000)
  eden space 33792K, 100% used [0x00000000eaa80000,0x00000000ecb80000,0x00000000ecb80000)
  from space 2560K, 99% used [0x00000000ece00000,0x00000000ed07c950,0x00000000ed080000)
  to   space 2560K, 0% used [0x00000000ecb80000,0x00000000ecb80000,0x00000000ece00000)
 ParOldGen       total 43008K, used 8113K [0x00000000c0000000, 0x00000000c2a00000, 0x00000000eaa80000)
  object space 43008K, 18% used [0x00000000c0000000,0x00000000c07ec4c8,0x00000000c2a00000)
 PSPermGen       total 21504K, used 5948K [0x00000000bae00000, 0x00000000bc300000, 0x00000000c0000000)
  object space 21504K, 27% used [0x00000000bae00000,0x00000000bb3cf180,0x00000000bc300000)
Event: 32.718 GC heap after
Heap after GC invocations=5 (full 0):
 PSYoungGen      total 36352K, used 2528K [0x00000000eaa80000, 0x00000000efc80000, 0x0000000100000000)
  eden space 33792K, 0% used [0x00000000eaa80000,0x00000000eaa80000,0x00000000ecb80000)
  from space 2560K, 98% used [0x00000000ecb80000,0x00000000ecdf81e8,0x00000000ece00000)
  to   space 8192K, 0% used [0x00000000ef480000,0x00000000ef480000,0x00000000efc80000)
 ParOldGen       total 43008K, used 13450K [0x00000000c0000000, 0x00000000c2a00000, 0x00000000eaa80000)
  object space 43008K, 31% used [0x00000000c0000000,0x00000000c0d22858,0x00000000c2a00000)
 PSPermGen       total 21504K, used 5948K [0x00000000bae00000, 0x00000000bc300000, 0x00000000c0000000)
  object space 21504K, 27% used [0x00000000bae00000,0x00000000bb3cf180,0x00000000bc300000)
}

Deoptimization events (10 events):
Event: 32.299 Thread 0x000000000a4cc800 Uncommon trap: reason=null_check action=make_not_entrant pc=0x00000000026870d8 method=com.android.dx.dex.file.MethodIdsSection.intern(Lcom/android/dx/rop/cst/CstBaseMethodRef;)Lcom/android/dx/dex/file/MethodIdItem; @ 26
Event: 32.333 Thread 0x000000000a4ca800 Uncommon trap: reason=null_check action=make_not_entrant pc=0x00000000026870d8 method=com.android.dx.dex.file.MethodIdsSection.intern(Lcom/android/dx/rop/cst/CstBaseMethodRef;)Lcom/android/dx/dex/file/MethodIdItem; @ 26
Event: 32.919 Thread 0x000000000a2fe000 Uncommon trap: reason=null_check action=make_not_entrant pc=0x00000000026bec38 method=com.android.dx.dex.file.FieldIdsSection.intern(Lcom/android/dx/rop/cst/CstFieldRef;)Lcom/android/dx/dex/file/FieldIdItem; @ 26
Event: 34.554 Thread 0x000000000a2fe000 Uncommon trap: reason=class_check action=maybe_recompile pc=0x00000000025c9900 method=com.android.dx.cf.code.Ropper.processBlock(Lcom/android/dx/cf/code/ByteBlock;Lcom/android/dx/cf/code/Frame;[I)V @ 777
Event: 35.307 Thread 0x000000000a2fe000 Uncommon trap: reason=bimorphic action=maybe_recompile pc=0x00000000026a25c8 method=com.android.dx.cf.code.BytecodeArray.parseInstruction(ILcom/android/dx/cf/code/BytecodeArray$Visitor;)I @ 1130
Event: 35.307 Thread 0x000000000a2fe000 Uncommon trap: reason=bimorphic action=maybe_recompile pc=0x00000000026a21e0 method=com.android.dx.cf.code.BytecodeArray.parseInstruction(ILcom/android/dx/cf/code/BytecodeArray$Visitor;)I @ 971
Event: 35.307 Thread 0x000000000a2fe000 Uncommon trap: reason=bimorphic action=maybe_recompile pc=0x00000000026a225c method=com.android.dx.cf.code.BytecodeArray.parseInstruction(ILcom/android/dx/cf/code/BytecodeArray$Visitor;)I @ 987
Event: 35.307 Thread 0x000000000a2fe000 Uncommon trap: reason=bimorphic action=maybe_recompile pc=0x00000000026a2160 method=com.android.dx.cf.code.BytecodeArray.parseInstruction(ILcom/android/dx/cf/code/BytecodeArray$Visitor;)I @ 955
Event: 35.307 Thread 0x000000000a2fe000 Uncommon trap: reason=bimorphic action=maybe_recompile pc=0x00000000026a2160 method=com.android.dx.cf.code.BytecodeArray.parseInstruction(ILcom/android/dx/cf/code/BytecodeArray$Visitor;)I @ 955
Event: 35.307 Thread 0x000000000a2fe000 Uncommon trap: reason=class_check action=maybe_recompile pc=0x00000000025c9900 method=com.android.dx.cf.code.Ropper.processBlock(Lcom/android/dx/cf/code/ByteBlock;Lcom/android/dx/cf/code/Frame;[I)V @ 777

Internal exceptions (10 events):
Event: 24.398 Thread 0x000000000a4ca800 Threw 0x00000000eab5ca88 at C:\re\jdk7u79\2331\hotspot\src\share\vm\prims\jvm.cpp:1304
Event: 24.503 Thread 0x000000000a4ca800 Implicit null exception at 0x0000000002545999 to 0x0000000002545ce5
Event: 24.757 Thread 0x000000000a2fe000 Threw 0x00000000eaf57730 at C:\re\jdk7u79\2331\hotspot\src\share\vm\prims\jvm.cpp:1304
Event: 25.017 Thread 0x000000000a2fe000 Implicit null exception at 0x0000000002557552 to 0x0000000002557642
Event: 25.930 Thread 0x000000000a3ef800 Implicit null exception at 0x000000000257c57e to 0x000000000257d64d
Event: 26.335 Thread 0x000000000a4cc800 Threw 0x00000000eb60c098 at C:\re\jdk7u79\2331\hotspot\src\share\vm\prims\jvm.cpp:1304
Event: 27.547 Thread 0x000000000a3ef800 Implicit null exception at 0x0000000002580e90 to 0x0000000002582219
Event: 28.675 Thread 0x00000000022be800 Threw 0x00000000eb62a2f0 at C:\re\jdk7u79\2331\hotspot\src\share\vm\prims\jvm.cpp:1304
Event: 30.240 Thread 0x000000000a3ef800 Threw 0x00000000ebdf5c90 at C:\re\jdk7u79\2331\hotspot\src\share\vm\prims\jvm.cpp:1304
Event: 34.525 Thread 0x000000000a2fe000 Threw 0x00000000eaf20578 at C:\re\jdk7u79\2331\hotspot\src\share\vm\prims\jvm.cpp:1304

Events (10 events):
Event: 35.307 Thread 0x000000000a2fe000 Uncommon trap: trap_request=0xffffffc6 fr.pc=0x00000000026a2160
Event: 35.307 Thread 0x000000000a2fe000 DEOPT PACKING pc=0x00000000026a2160 sp=0x000000000b27ed10
Event: 35.307 Thread 0x000000000a2fe000 DEOPT UNPACKING pc=0x00000000024f75a4 sp=0x000000000b27ecc8 mode 2
Event: 35.307 Thread 0x000000000a2fe000 Uncommon trap: trap_request=0xffffffc6 fr.pc=0x00000000026a2160
Event: 35.307 Thread 0x000000000a2fe000 DEOPT PACKING pc=0x00000000026a2160 sp=0x000000000b27ed10
Event: 35.307 Thread 0x000000000a2fe000 DEOPT UNPACKING pc=0x00000000024f75a4 sp=0x000000000b27ecc8 mode 2
Event: 35.307 Thread 0x000000000a2fe000 Uncommon trap: trap_request=0xffffffde fr.pc=0x00000000025c9900
Event: 35.307 Thread 0x000000000a2fe000 DEOPT PACKING pc=0x00000000025c9900 sp=0x000000000b27efe0
Event: 35.307 Thread 0x000000000a2fe000 DEOPT UNPACKING pc=0x00000000024f75a4 sp=0x000000000b27ef48 mode 2
Event: 36.177 Executing VM operation: ParallelGCFailedAllocation


Dynamic libraries:
0x000000013f800000 - 0x000000013f833000 	C:\Program Files\Java\jdk1.7.0_79\bin\java.exe
0x0000000076e10000 - 0x0000000076fb9000 	C:\Windows\SYSTEM32\ntdll.dll
0x0000000076cf0000 - 0x0000000076e0f000 	C:\Windows\system32\kernel32.dll
0x000007fefcf80000 - 0x000007fefcfeb000 	C:\Windows\system32\KERNELBASE.dll
0x000007fefe670000 - 0x000007fefe74b000 	C:\Windows\system32\ADVAPI32.dll
0x000007fefeb40000 - 0x000007fefebdf000 	C:\Windows\system32\msvcrt.dll
0x000007fefd6b0000 - 0x000007fefd6cf000 	C:\Windows\SYSTEM32\sechost.dll
0x000007fefcff0000 - 0x000007fefd11d000 	C:\Windows\system32\RPCRT4.dll
0x0000000076bf0000 - 0x0000000076cea000 	C:\Windows\system32\USER32.dll
0x000007fefd520000 - 0x000007fefd587000 	C:\Windows\system32\GDI32.dll
0x000007fefed40000 - 0x000007fefed4e000 	C:\Windows\system32\LPK.dll
0x000007fefed50000 - 0x000007fefee19000 	C:\Windows\system32\USP10.dll
0x000007fefbca0000 - 0x000007fefbe94000 	C:\Windows\WinSxS\amd64_microsoft.windows.common-controls_6595b64144ccf1df_6.0.7601.17514_none_fa396087175ac9ac\COMCTL32.dll
0x000007fefd630000 - 0x000007fefd6a1000 	C:\Windows\system32\SHLWAPI.dll
0x000007fefd390000 - 0x000007fefd3be000 	C:\Windows\system32\IMM32.DLL
0x000007fefe990000 - 0x000007fefea99000 	C:\Windows\system32\MSCTF.dll
0x0000000068460000 - 0x0000000068532000 	C:\Program Files\Java\jdk1.7.0_79\jre\bin\msvcr100.dll
0x0000000067250000 - 0x0000000067a25000 	C:\Program Files\Java\jdk1.7.0_79\jre\bin\server\jvm.dll
0x000007fef8d70000 - 0x000007fef8d79000 	C:\Windows\system32\WSOCK32.dll
0x000007fefee20000 - 0x000007fefee6d000 	C:\Windows\system32\WS2_32.dll
0x000007fefd180000 - 0x000007fefd188000 	C:\Windows\system32\NSI.dll
0x000007fefabe0000 - 0x000007fefac1b000 	C:\Windows\system32\WINMM.dll
0x0000000076fd0000 - 0x0000000076fd7000 	C:\Windows\system32\PSAPI.DLL
0x0000000074110000 - 0x000000007411f000 	C:\Program Files\Java\jdk1.7.0_79\jre\bin\verify.dll
0x000000006c860000 - 0x000000006c888000 	C:\Program Files\Java\jdk1.7.0_79\jre\bin\java.dll
0x000000006d600000 - 0x000000006d615000 	C:\Program Files\Java\jdk1.7.0_79\jre\bin\zip.dll
0x000000006c840000 - 0x000000006c85a000 	C:\Program Files\Java\jdk1.7.0_79\jre\bin\net.dll
0x000007fefc3f0000 - 0x000007fefc445000 	C:\Windows\system32\mswsock.dll
0x000007fefc3e0000 - 0x000007fefc3e7000 	C:\Windows\System32\wship6.dll
0x000000006c820000 - 0x000000006c831000 	C:\Program Files\Java\jdk1.7.0_79\jre\bin\nio.dll

VM Arguments:
jvm_args: -Djava.awt.headless=true -Xmx1024M -Dfile.encoding=windows-1251 -Duser.country=RU -Duser.language=ru -Duser.variant 
java_command: com.android.dx.command.Main --dex --num-threads=4 --output C:\Users\Sonic\Desktop\Studio_Colibri\app\build\intermediates\pre-dexed\debug\com.android.support-appcompat-v7-23.4.0_99175ca55322d79eee0bb391c219f72c9869ce4d.jar C:\Users\Sonic\Desktop\Studio_Colibri\app\build\intermediates\exploded-aar\com.android.support\appcompat-v7\23.4.0\jars\classes.jar
Launcher Type: SUN_STANDARD

Environment Variables:
PATH=C:\Program Files (x86)\NVIDIA Corporation\PhysX\Common;C:\Program Files\Broadcom\Broadcom 802.11\Driver;C:\Program Files\Common Files\Microsoft Shared\Windows Live;C:\Program Files (x86)\Common Files\Microsoft Shared\Windows Live;c:\Program Files (x86)\AMD APP\bin\x86_64;c:\Program Files (x86)\AMD APP\bin\x86;C:\Program Files (x86)\Embarcadero\RAD Studio\11.0\bin;C:\Users\Public\Documents\RAD Studio\11.0\Bpl;C:\Program Files (x86)\Embarcadero\RAD Studio\11.0\bin64;C:\Users\Public\Documents\RAD Studio\11.0\Bpl\Win64;C:\Program Files (x86)\CollabNet\Subversion Client;C:\Inprise\vbroker\bin;c:\Program Files (x86)\Microsoft SQL Server\90\Tools\binn\;C:\Program Files (x86)\Intel\Services\IPT\;C:\Program Files (x86)\AMD\ATI.ACE\Core-Static;c:\Program Files (x86)\ATI Technologies\ATI.ACE\Core-Static;C:\Program Files (x86)\Intel\OpenCL SDK\2.0\bin\x86;C:\Program Files (x86)\Intel\OpenCL SDK\2.0\bin\x64;C:\Program Files (x86)\OpenMPI_v1.6.2-x64\bin;C:\Program Files (x86)\Windows Live\Shared;c:\Program Files\WIDCOMM\Bluetooth Software\;c:\Program Files\WIDCOMM\Bluetooth Software\syswow64;C:\Program Files\Broadcom\WHL\;C:\Program Files\Broadcom\WHL\syswow64;C:\Program Files\Broadcom\WHL\SysWow64\;C:\Program Files\Broadcom\WHL\SysWow64\syswow64;C:\Program Files\MATLAB\R2014b\runtime\win64;C:\Program Files\MATLAB\R2014b\bin;C:\Program Files\MATLAB\R2014b\polyspace\bin;C:\Program Files (x86)\Skype\Phone\;C:\Program Files\nodejs\;C:\Program Files\Microsoft SQL Server\130\Tools\Binn\;C:\Program Files\Git\cmd;C:\Program Files (x86)\Windows Kits\10\Windows Performance Toolkit\;C:\Users\Sonic\AppData\Local\Programs\Python\Python35\Scripts\;C:\Users\Sonic\AppData\Local\Programs\Python\Python35\;C:\Windows\system32;C:\Windows;C:\Windows\System32\Wbem ;C:\Users\Sonic\AppData\Roaming\npm
USERNAME=Sonic
OS=Windows_NT
PROCESSOR_IDENTIFIER=Intel64 Family 6 Model 42 Stepping 7, GenuineIntel



---------------  S Y S T E M  ---------------

OS: Windows 7 , 64 bit Build 7601 Service Pack 1

CPU:total 4 (2 cores per cpu, 2 threads per core) family 6 model 42 stepping 7, cmov, cx8, fxsr, mmx, sse, sse2, sse3, ssse3, sse4.1, sse4.2, popcnt, avx, ht, tsc, tscinvbit

Memory: 4k page, physical 4140912k(253916k free), swap 8345504k(388784k free)

vm_info: Java HotSpot(TM) 64-Bit Server VM (24.79-b02) for windows-amd64 JRE (1.7.0_79-b15), built on Apr 10 2015 12:36:16 by "java_re" with unknown MS VC++:1600

time: Thu Jun 16 19:56:53 2016
elapsed time: 43 seconds

